<?xml version="1.0" encoding="UTF-8" ?>
<testsuite tests="3" failures="1" name="GameBoardTest" time="0.016" errors="0" skipped="0">
  <properties>
    <property name="java.runtime.name" value="Java(TM) SE Runtime Environment"/>
    <property name="sun.boot.library.path" value="C:\Program Files\Java\jdk1.8.0_231\jre\bin"/>
    <property name="java.vm.version" value="25.231-b11"/>
    <property name="java.vm.vendor" value="Oracle Corporation"/>
    <property name="maven.multiModuleProjectDirectory" value="C:\Users\juanm\Documents\NetBeansProjects\Chess"/>
    <property name="java.vendor.url" value="http://java.oracle.com/"/>
    <property name="path.separator" value=";"/>
    <property name="guice.disable.misplaced.annotation.check" value="true"/>
    <property name="java.vm.name" value="Java HotSpot(TM) 64-Bit Server VM"/>
    <property name="file.encoding.pkg" value="sun.io"/>
    <property name="user.script" value=""/>
    <property name="user.country" value="US"/>
    <property name="sun.java.launcher" value="SUN_STANDARD"/>
    <property name="sun.os.patch.level" value=""/>
    <property name="java.vm.specification.name" value="Java Virtual Machine Specification"/>
    <property name="user.dir" value="C:\Users\juanm\Documents\NetBeansProjects\Chess"/>
    <property name="java.runtime.version" value="1.8.0_231-b11"/>
    <property name="java.awt.graphicsenv" value="sun.awt.Win32GraphicsEnvironment"/>
    <property name="java.endorsed.dirs" value="C:\Program Files\Java\jdk1.8.0_231\jre\lib\endorsed"/>
    <property name="os.arch" value="amd64"/>
    <property name="java.io.tmpdir" value="C:\Users\juanm\AppData\Local\Temp\"/>
    <property name="line.separator" value="
"/>
    <property name="java.vm.specification.vendor" value="Oracle Corporation"/>
    <property name="user.variant" value=""/>
    <property name="os.name" value="Windows 10"/>
    <property name="maven.ext.class.path" value="C:\Program Files\NetBeans-11.2\netbeans\java\maven-nblib\netbeans-eventspy.jar"/>
    <property name="classworlds.conf" value="C:\Program Files\NetBeans-11.2\netbeans\java\maven\bin\m2.conf"/>
    <property name="sun.jnu.encoding" value="Cp1252"/>
    <property name="java.library.path" value="C:\Program Files\Java\jdk1.8.0_231\bin;C:\WINDOWS\Sun\Java\bin;C:\WINDOWS\system32;C:\WINDOWS;C:\Program Files (x86)\Common Files\Oracle\Java\javapath;C:\WINDOWS\system32;C:\WINDOWS;C:\WINDOWS\System32\Wbem;C:\WINDOWS\System32\WindowsPowerShell\v1.0\;C:\WINDOWS\System32\OpenSSH\;C:\Program Files\NVIDIA Corporation\NVIDIA NvDLISR;C:\Program Files\Java\jdk1.8.0_231\bin;C:\Program Files\PuTTY\;C:\Program Files (x86)\NVIDIA Corporation\PhysX\Common;C:\Program Files\Git\cmd;C:\Program Files\MySQL\MySQL Shell 8.0\bin\;C:\Users\juanm\AppData\Local\Programs\Python\Python38\Scripts\;C:\Users\juanm\AppData\Local\Programs\Python\Python38\;C:\Users\juanm\AppData\Local\Microsoft\WindowsApps;;C:\Users\juanm\AppData\Local\Programs\Microsoft VS Code\bin;."/>
    <property name="java.specification.name" value="Java Platform API Specification"/>
    <property name="java.class.version" value="52.0"/>
    <property name="sun.management.compiler" value="HotSpot 64-Bit Tiered Compilers"/>
    <property name="os.version" value="10.0"/>
    <property name="user.home" value="C:\Users\juanm"/>
    <property name="user.timezone" value="America/Los_Angeles"/>
    <property name="java.awt.printerjob" value="sun.awt.windows.WPrinterJob"/>
    <property name="java.specification.version" value="1.8"/>
    <property name="file.encoding" value="UTF-8"/>
    <property name="user.name" value="juanm"/>
    <property name="java.class.path" value="C:\Program Files\NetBeans-11.2\netbeans\java\maven\boot\plexus-classworlds-2.5.2.jar"/>
    <property name="java.vm.specification.version" value="1.8"/>
    <property name="sun.arch.data.model" value="64"/>
    <property name="java.home" value="C:\Program Files\Java\jdk1.8.0_231\jre"/>
    <property name="sun.java.command" value="org.codehaus.plexus.classworlds.launcher.Launcher -Dmaven.ext.class.path=C:\Program Files\NetBeans-11.2\netbeans\java\maven-nblib\netbeans-eventspy.jar -Dfile.encoding=UTF-8 clean install"/>
    <property name="java.specification.vendor" value="Oracle Corporation"/>
    <property name="user.language" value="en"/>
    <property name="awt.toolkit" value="sun.awt.windows.WToolkit"/>
    <property name="java.vm.info" value="mixed mode"/>
    <property name="java.version" value="1.8.0_231"/>
    <property name="java.ext.dirs" value="C:\Program Files\Java\jdk1.8.0_231\jre\lib\ext;C:\WINDOWS\Sun\Java\lib\ext"/>
    <property name="sun.boot.class.path" value="C:\Program Files\Java\jdk1.8.0_231\jre\lib\resources.jar;C:\Program Files\Java\jdk1.8.0_231\jre\lib\rt.jar;C:\Program Files\Java\jdk1.8.0_231\jre\lib\sunrsasign.jar;C:\Program Files\Java\jdk1.8.0_231\jre\lib\jsse.jar;C:\Program Files\Java\jdk1.8.0_231\jre\lib\jce.jar;C:\Program Files\Java\jdk1.8.0_231\jre\lib\charsets.jar;C:\Program Files\Java\jdk1.8.0_231\jre\lib\jfr.jar;C:\Program Files\Java\jdk1.8.0_231\jre\classes"/>
    <property name="java.vendor" value="Oracle Corporation"/>
    <property name="maven.home" value="C:\Program Files\NetBeans-11.2\netbeans\java\maven"/>
    <property name="file.separator" value="\"/>
    <property name="java.vendor.url.bug" value="http://bugreport.sun.com/bugreport/"/>
    <property name="sun.cpu.endian" value="little"/>
    <property name="sun.io.unicode.encoding" value="UnicodeLittle"/>
    <property name="sun.desktop" value="windows"/>
    <property name="sun.cpu.isalist" value="amd64"/>
  </properties>
  <testcase classname="GameBoardTest" name="GameBoardTest.testToString" time="0.016">
    <failure message="expected: &lt;
1  00  00  00  00  00  00  00  00  
2  BP  BP  BP  BP  BP  BP  BP  BP  
3  00  00  00  00  00  00  00  00  
4  00  00  00  00  00  00  00  00  
5  00  00  00  00  00  00  00  00  
6  00  00  00  00  00  00  00  00  
7  WP  WP  WP  WP  WP  WP  WP  WP  
8  00  00  00  00  00  00  00  00  
   A   B   C   D   E   F   G   H
&gt; but was: &lt;
1  BR  Bk  BB  BQ  BK  BB  Bk  BR  
2  BP  BP  BP  BP  BP  BP  BP  BP  
3  00  00  00  00  00  00  00  00  
4  00  00  BR  00  00  00  00  00  
5  00  00  00  00  00  00  00  00  
6  00  00  00  00  WK  00  00  00  
7  WP  WP  WP  WP  WP  WP  WP  WP  
8  WR  Wk  WB  WQ  WK  WB  Wk  WR  
   A   B   C   D   E   F   G   H
&gt;" type="org.opentest4j.AssertionFailedError">org.opentest4j.AssertionFailedError: expected: &lt;
1  00  00  00  00  00  00  00  00  
2  BP  BP  BP  BP  BP  BP  BP  BP  
3  00  00  00  00  00  00  00  00  
4  00  00  00  00  00  00  00  00  
5  00  00  00  00  00  00  00  00  
6  00  00  00  00  00  00  00  00  
7  WP  WP  WP  WP  WP  WP  WP  WP  
8  00  00  00  00  00  00  00  00  
   A   B   C   D   E   F   G   H
&gt; but was: &lt;
1  BR  Bk  BB  BQ  BK  BB  Bk  BR  
2  BP  BP  BP  BP  BP  BP  BP  BP  
3  00  00  00  00  00  00  00  00  
4  00  00  BR  00  00  00  00  00  
5  00  00  00  00  00  00  00  00  
6  00  00  00  00  WK  00  00  00  
7  WP  WP  WP  WP  WP  WP  WP  WP  
8  WR  Wk  WB  WQ  WK  WB  Wk  WR  
   A   B   C   D   E   F   G   H
&gt;
	at org.junit.jupiter.api.AssertionUtils.fail(AssertionUtils.java:54)
	at org.junit.jupiter.api.AssertEquals.failNotEqual(AssertEquals.java:195)
	at org.junit.jupiter.api.AssertEquals.assertEquals(AssertEquals.java:184)
	at org.junit.jupiter.api.AssertEquals.assertEquals(AssertEquals.java:179)
	at org.junit.jupiter.api.Assertions.assertEquals(Assertions.java:508)
	at GameBoardTest.testToString(GameBoardTest.java:32)
</failure>
    <system-out>00
00
null
null
false
[BK, BP, BP, BP, BP, BP, BP, BP, BP, BR, Bk, BB, BQ, BB, Bk, BR]
[WK, WP, WP, WP, WP, WP, WP, WP, WP, WR, Wk, WB, WQ, WB, Wk, WR]
</system-out>
  </testcase>
  <testcase classname="GameBoardTest" name="GameBoardTest.testGetTotalCol" time="0"/>
  <testcase classname="GameBoardTest" name="GameBoardTest.testGetTotalRow" time="0"/>
</testsuite>